*PADS-PCB*
*PART*
BAT    LBAT
C100   C0402
C101   C0402
C102   C0402
C103   C0402
C104   C0402
C105   C0402
C106   C0402
C107   C0402
C108   C0402
C109   C0402
C110   C0402
C111   C0603
C112   C0402
C113   C0402
C114   C0402
C115   C0402
C116   C0402
C117   C0603
C118   C0402
C119   C0402
C120   C0402
C121   C0402
C122   C0402
C123   C0603
C237   C0402
C238   C0603
C239   C0603
C240   C0402
C300   C0402
C301   C0402
C302   C0402
C303   C0402
C304   C0402
C305   C0402
C306   C0402
C307   C0402
C308   C0402
C309   C0402
C310   C0402
C311   C0402
C312   C0402
C313   C0402
C314   C0402
C315   C0402
C316   C0402
C317   C0402
C318   C0402
C319   C0402
C320   C0402
C321   C0402
C322   C0402
C323   C0402
C324   C0402
C325   C0603
C326   C0402
C327   C0402
C328   C0402
C329   C0402
C330   C0402
C331   C0402
C332   C0402
C333   C0603
C334   C0603
C335   C0603
C336   C0603
C337   C0603
C338   C0603
C339   C0603
C340   C0603
C341   C0603
C342   C0402
C343   C0402
C344   C0402
C345   C0402
C346   C0402
C347   C0402
C348   C0805
C349   C0805
C350   C0805
C351   C0805
C400   C0805
C401   C0805
C402   C0805
C403   C0805
C404   C0805
C405   C0805
C406   C0805
C407   C0805
C408   C0805
C409   C0805
C410   C0805
C411   C0805
C412   C0805
C413   C0805
C414   C0603
C415   C0603
C416   C0603
C417   C0603
C418   C0603
C419   C0603
C420   C0603
C421   C0603
C422   C0603
C423   C0402
C424   C0402
C425   C0402
C426   7343
C427   7343
C428   C0402
C429   C0402
C430   7343
C431   7343
C432   C0805
C433   C0402
C434   C0402
C435   C0402
C436   C0402
C437   C0402
C438   C0402
C439   C0402
C440   C0402
C441   C0402
C442   C0402
C443   C0402
C444   C0402
C445   7343
C446   7343
C447   7343
C448   7343
C449   7343
C450   C0402
C451   C0402
C452   C0402
C453   C0402
C454   7343
C455   7343
C456   C0402
C457   C0402
C458   7343
CCD    KAI16000
CTP    CTP
D100   D0805
D101   D0805
D102   D0805
D103   D0805
D104   D0805
D105   D0805
D300   SOD123
D301   SOD123
D302   SOD123
D303   SOD123
D304   SOD123
D305   SOD123
D306   SOD123
D400   SOD123
D401   SOD123
D405   SOD123
JTAG   HEADER10
KEY1   KEY-4P
KEY2   KEY-4P
KEY3   KEY-4P
KEY4   KEY-4P
KEY5   KEY-4P
KEY6   KEY-4P
KEY7   KEY-4P
KEY8   KEY-4P
KEY9   KEY-4P
KEY10  KEY-4P
KEY11  KEY-4P
KEY12  KEY-4P
L400   IND_4X4
L401   IND_4X4
L402   IND_4X4
L403   IND_4X4
L404   IND_4X4
L405   IND_4X4
LCD    FPC_39
PWR    KEY-4P
Q300   SOT23
Q301   SOT23
Q303   SOT23
Q305   SOT23
R100   R0603
R101   R0603
R102   R0603
R103   R0603
R104   R0603
R105   R0603
R106   R0603
R107   R0603
R108   R0603
R109   R0603
R110   R0603
R111   R0603
R112   R0603
R113   R0603
R114   R0603
R115   R0603
R116   R0603
R117   R0603
R118   R0603
R209   R0603
R300   R0603
R301   R0603
R306   R0603
R307   R0603
R308   R0603
R309   R0603
R310   R0805
R311   R0603
R312   R0603
R313   R0603
R314   R0603
R315   R0805
R316   R0805
R317   R0805
R318   R0805
R319   R0603
R320   R0603
R321   R0603
R322   R0603
R323   R0603
R324   R0603
R325   R0603
R326   R0603
R400   R0603
R401   R0805
R402   R0603
R403   R0603
R404   R0603
R407   R0603
R408   R0603
R409   R0603
R410   R0603
R411   R0603
R412   R0603
R413   R0603
R414   R0805
R415   R0805
R416   R0603
R417   R0603
R418   R0603
R419   R0603
R420   R0603
R421   R0603
R422   R0603
R423   R0603
R424   R0603
R425   R0603
R426   R0805
R427   R0603
R428   R0603
R429   R0603
R430   R0603
R431   R0603
R432   R0603
RP1    R0402S4
RP2    R0402S4
RP3    R0402S4
RP4    R0402S4
RP5    R0402S4
RP6    R0402S4
RP7    R0402S4
RP101  R0402S4
RP102  R0402S4
RP103  R0402S4
RP104  R0402S4
RP105  R0402S4
RP106  R0402S4
RP107  R0402S4
RP108  R0402S4
RP109  R0402S4
RP110  R0402S4
RP111  R0402S4
RP200  R0402S4
RP201  R0402S4
RP202  R0402S4
RP203  R0402S4
RP204  R0402S4
RT_CSI 24PIN-0.5MM
RT_G1  HEADER10
RT_G2  HEADER10
RT_LCD 40PIN-0.5MM
RT_TP  CTP
TP0    T_0_7
TP1    T_0_7
TP2    T_0_7
TP3    T_0_7
TP4    T_0_7
TP5    T_0_7
TP6    T_0_7
TP7    T_0_7
TP8    T_0_7
TP9    T_0_7
TP10   T_0_7
TP11   T_0_7
TP12   T_0_7
TP13   T_0_7
TP14   T_0_7
TP15   T_0_7
TP16   T_0_7
TP17   T_0_7
TP18   T_0_7
TP19   T_0_7
TP20   T_0_7
TP21   T_0_7
TP22   T_0_7
U100   TQFP144
U101   SOP-8
U300   CP-48
U301   CP-48
U303   QFN16
U304   SOP-8
U305   QFN16
U306   SOP8
U307   SOP8
U400   QFN-48
U401   SOP-8
U402   SOP-8
U403   MS8
U404   MS8
U405   MS8
U406   SOP-8
U407   SOT25
U408   SOT25
U409   SOT25
X100   CRY_D3225
*END*
