Drill Listing
=============
Drill: .01181  Tool: 1  Feed: 95  Speed: 300
X 109059  Y 135233
X 109292  Y 112594
X 122029  Y 135660
X 125251  Y 135731
X 126504  Y 112828
X 148803  Y 134258
X 152527  Y 113061
X 154005  Y 122355
X 158168  Y 122504
X 165561  Y 133657
X 170008  Y 136493
X 171384  Y 133580
X 177148  Y 113528
X 181933  Y 129631
X 194254  Y 128954
X 197497  Y 128895
X 204503  Y 128942
X 218706  Y 128847
X 223487  Y 128942
X 267881  Y 121997
X 279257  Y 112364
X 286029  Y 113883
X 300015  Y 119274
X 317126  Y 112513
X 324092  Y 113883
X 337879  Y 118660
X 354884  Y 112513
X 361881  Y 113615
X 376148  Y 116706
X 393233  Y 112665
X 400086  Y 113757
X 415142  Y 121461
X 435434  Y 133476
X 455455  Y 135437
X 458249  Y 133342
X 461042  Y 112929
X 467706  Y 112441
X 468375  Y 127603
X 482571  Y 112664
X 485506  Y 132498
X 458539  Y 159482
X 458397  Y 153718
X 458345  Y 149500
X 458167  Y 137520
X 455481  Y 161564
X 455440  Y 142413
X 455413  Y 147339
X 455409  Y 157374
X 455258  Y 151603
X 444973  Y 144835
X 439074  Y 144830
X 411526  Y 157470
X 408528  Y 156579
X 402003  Y 161946
X 401963  Y 158952
X 395580  Y 152194
X 393898  Y 162108
X 393300  Y 150225
X 390929  Y 148086
X 387822  Y 148063
X 384760  Y 148131
X 369426  Y 153367
X 364557  Y 148366
X 351474  Y 153334
X 347499  Y 148465
X 330506  Y 153467
X 330440  Y 148565
X 301358  Y 148465
X 301292  Y 153434
X 292746  Y 153401
X 284173  Y 158508
X 276629  Y 159473
X 261922  Y 161394
X 255419  Y 156574
X 242348  Y 156763
X 220366  Y 141900
X 219464  Y 160680
X 218275  Y 144025
X 217301  Y 139059
X 216076  Y 141762
X 213845  Y 139568
X 211653  Y 137464
X 210064  Y 147280
X 208303  Y 144065
X 207072  Y 139870
X 205382  Y 142322
X 204055  Y 139624
X 203324  Y 159337
X 200951  Y 155167
X 198678  Y 140964
X 197671  Y 144745
X 195984  Y 142213
X 193466  Y 144141
X 191723  Y 141733
X 190472  Y 144530
X 189384  Y 147303
X 142304  Y 157949
X 125063  Y 162175
X 108942  Y 155887
X 108825  Y 178292
X 123141  Y 164668
X 126332  Y 186011
X 126559  Y 164739
X 133139  Y 168963
X 153786  Y 186625
X 153847  Y 181650
X 240479  Y 178847
X 246105  Y 164405
X 251643  Y 176083
X 254757  Y 172274
X 254917  Y 176521
X 258163  Y 176805
X 260868  Y 174961
X 264254  Y 174828
X 280265  Y 184479
X 296529  Y 179306
X 300753  Y 172686
X 303007  Y 170578
X 305158  Y 172750
X 307184  Y 170569
X 309332  Y 172812
X 311336  Y 170538
X 313548  Y 172791
X 317713  Y 172914
X 325057  Y 173697
X 328168  Y 173562
X 329749  Y 176418
X 330259  Y 179788
X 354181  Y 182316
X 357377  Y 182390
X 360745  Y 182392
X 371619  Y 171958
X 375373  Y 171056
X 378415  Y 171011
X 381617  Y 171287
X 384615  Y 171213
X 390693  Y 171168
X 401117  Y 166076
X 404510  Y 163529
X 411176  Y 180244
X 455365  Y 177272
X 455419  Y 167120
X 455471  Y 181499
X 455485  Y 171477
X 458171  Y 169348
X 458191  Y 183596
X 458219  Y 179410
X 458302  Y 173574
X 458506  Y 163650
X 468182  Y 186160
X 485954  Y 199627
X 485302  Y 196531
X 473290  Y 195692
X 472769  Y 198633
X 470570  Y 188580
X 465136  Y 208533
X 451419  Y 201773
X 436715  Y 204827
X 435569  Y 208464
X 435106  Y 201716
X 425811  Y 205358
X 423180  Y 192386
X 412814  Y 208688
X 412574  Y 204675
X 409291  Y 193807
X 407253  Y 191580
X 407174  Y 211143
X 403907  Y 211258
X 403672  Y 195031
X 400483  Y 194515
X 396339  Y 192059
X 395461  Y 195336
X 394912  Y 211021
X 392388  Y 194471
X 390613  Y 211697
X 389389  Y 193102
X 386958  Y 194862
X 384549  Y 193126
X 381571  Y 194103
X 378595  Y 193180
X 375223  Y 211330
X 372790  Y 191818
X 369528  Y 204776
X 362130  Y 204813
X 361869  Y 194569
X 349648  Y 196165
X 279968  Y 190202
X 279823  Y 203612
X 279705  Y 206581
X 247880  Y 201580
X 247805  Y 195337
X 247731  Y 198458
X 219404  Y 194390
X 218676  Y 206829
X 218347  Y 198516
X 203367  Y 212278
X 201958  Y 194817
X 201848  Y 200999
X 192730  Y 193530
X 189867  Y 207259
X 185748  Y 202642
X 181349  Y 203141
X 180396  Y 199739
X 180351  Y 210443
X 178248  Y 205046
X 157691  Y 203986
X 154235  Y 203988
X 149924  Y 211595
X 148309  Y 202773
X 143312  Y 203867
X 143210  Y 208090
X 134625  Y 203867
X 127563  Y 195405
X 123865  Y 197270
X 122776  Y 204866
X 121359  Y 208334
X 114193  Y 208594
X 109409  Y 203964
X 110106  Y 219297
X 112781  Y 214540
X 129304  Y 228004
X 172494  Y 230450
X 178322  Y 217979
X 178337  Y 222575
X 180021  Y 232705
X 180215  Y 213754
X 180531  Y 220217
X 181219  Y 223802
X 183288  Y 232752
X 187042  Y 224316
X 189393  Y 221126
X 190169  Y 213681
X 190397  Y 217353
X 194897  Y 229277
X 196532  Y 234108
X 237877  Y 232638
X 247657  Y 219270
X 247731  Y 222243
X 247731  Y 225216
X 254012  Y 218470
X 257140  Y 218286
X 259963  Y 219469
X 268280  Y 228725
X 270069  Y 212566
X 272878  Y 218548
X 276953  Y 215671
X 280127  Y 223879
X 280259  Y 232088
X 280259  Y 228442
X 296412  Y 227827
X 298829  Y 223818
X 300016  Y 220075
X 304774  Y 219954
X 306861  Y 217058
X 308940  Y 219957
X 311028  Y 217831
X 313521  Y 219996
X 314857  Y 215934
X 317796  Y 220044
X 325196  Y 224987
X 328342  Y 219876
X 331422  Y 219942
X 334508  Y 220768
X 338680  Y 228487
X 338740  Y 225472
X 348856  Y 232062
X 361596  Y 228524
X 361710  Y 218613
X 363113  Y 233657
X 367777  Y 229514
X 375956  Y 223972
X 375956  Y 237162
X 390613  Y 237162
X 391162  Y 223788
X 412730  Y 212548
X 420870  Y 231070
X 425764  Y 232755
X 436379  Y 218466
X 437048  Y 233373
X 448529  Y 229071
X 453240  Y 234737
X 485273  Y 233728
X 485366  Y 229406
X 488310  Y 236028
X 488360  Y 231581
X 490279  Y 227465
X 496763  Y 229701
X 479379  Y 239889
X 456709  Y 251592
X 450091  Y 261591
X 437014  Y 242278
X 425657  Y 237734
X 423936  Y 262133
X 420859  Y 260565
X 417928  Y 261172
X 413393  Y 261058
X 410263  Y 260514
X 405699  Y 260460
X 403200  Y 258426
X 402986  Y 261716
X 399558  Y 258971
X 396475  Y 258588
X 390796  Y 247605
X 390770  Y 262090
X 384085  Y 258654
X 372566  Y 249460
X 370068  Y 255616
X 369964  Y 247305
X 367214  Y 245224
X 365752  Y 250862
X 365438  Y 258305
X 362658  Y 253365
X 362061  Y 238305
X 290126  Y 261315
X 286243  Y 254762
X 281730  Y 259979
X 280927  Y 244698
X 272647  Y 256461
X 272181  Y 242445
X 270333  Y 238871
X 270222  Y 259833
X 269948  Y 252936
X 241142  Y 259691
X 240570  Y 256257
X 237892  Y 246432
X 232432  Y 262330
X 231131  Y 246074
X 227097  Y 239549
X 223958  Y 256036
X 208691  Y 240292
X 203612  Y 247672
X 203443  Y 238069
X 199021  Y 260234
X 197313  Y 238196
X 189944  Y 245221
X 187582  Y 242594
X 184594  Y 242454
X 172711  Y 260663
X 168510  Y 250783
X 168411  Y 247059
X 162851  Y 254627
X 156578  Y 260592
X 142522  Y 258091
X 140905  Y 248125
X 136743  Y 256973
X 134413  Y 252662
X 121568  Y 244446
X 116620  Y 251933
X 115866  Y 248043
X 110936  Y 247402
X 109665  Y 272219
X 115066  Y 265862
X 115611  Y 268810
X 125222  Y 281505
X 127972  Y 279017
X 130252  Y 276228
X 130349  Y 267407
X 150715  Y 281608
X 156191  Y 284394
X 157017  Y 276618
X 158786  Y 267571
X 163780  Y 276618
X 166588  Y 278959
X 170842  Y 280819
X 173294  Y 276618
X 175183  Y 268774
X 175710  Y 286676
X 183015  Y 269401
X 200767  Y 262669
X 204042  Y 278922
X 206613  Y 267690
X 209667  Y 267429
X 211134  Y 285612
X 228581  Y 279482
X 228646  Y 276351
X 258130  Y 276153
X 271018  Y 282839
X 272558  Y 269170
X 289532  Y 264362
X 295952  Y 285958
X 296667  Y 267410
X 307444  Y 269788
X 309953  Y 264201
X 311007  Y 281349
X 315065  Y 262994
X 317361  Y 265245
X 318487  Y 284761
X 320705  Y 266508
X 356581  Y 280082
X 357310  Y 265313
X 359529  Y 280377
X 362198  Y 278869
X 363507  Y 281644
X 365807  Y 264618
X 372313  Y 264702
X 375034  Y 266245
X 391749  Y 286552
X 398984  Y 285373
X 399269  Y 276944
X 400478  Y 266248
X 401819  Y 286405
X 403633  Y 282409
X 405522  Y 286871
X 408411  Y 286208
X 412971  Y 286205
X 424653  Y 265236
X 425835  Y 278504
X 444035  Y 282915
X 449194  Y 267381
X 449776  Y 282919
X 452617  Y 268646
X 455523  Y 262606
X 455575  Y 270928
X 455666  Y 266103
X 463122  Y 282011
X 467750  Y 265144
X 471994  Y 263806
X 484710  Y 278835
X 484837  Y 270993
X 484864  Y 273990
X 484928  Y 281955
X 432079  Y 290360
X 411735  Y 301695
X 409342  Y 289022
X 409160  Y 304277
X 407075  Y 307486
X 403716  Y 294089
X 392993  Y 289398
X 389596  Y 288873
X 377974  Y 287519
X 351792  Y 287383
X 345990  Y 287838
X 286840  Y 287468
X 237473  Y 291297
X 237344  Y 287851
X 234078  Y 287806
X 214211  Y 291814
X 214019  Y 295039
X 210287  Y 303388
X 198399  Y 289021
X 188116  Y 287579
X 183859  Y 298800
X 175764  Y 289860
X 174906  Y 297412
X 150231  Y 299537
X 150062  Y 309285
X 150062  Y 306758
X 149978  Y 292438
X 147560  Y 296977
X 139331  Y 303133
X 127405  Y 305327
X 121991  Y 289757
X 115075  Y 288708
X 114344  Y 293053
X 113569  Y 307734
X 109090  Y 309383
X 109076  Y 337295
X 111040  Y 314344
X 122610  Y 320343
X 127349  Y 323636
X 138590  Y 312805
X 151612  Y 334507
X 164771  Y 329474
X 164801  Y 332610
X 164801  Y 335686
X 176115  Y 313534
X 182175  Y 313511
X 187430  Y 315404
X 187477  Y 318410
X 194270  Y 327708
X 203869  Y 322812
X 218752  Y 319968
X 220010  Y 325873
X 220132  Y 322719
X 221960  Y 320104
X 223029  Y 325034
X 236365  Y 325588
X 255177  Y 322677
X 259857  Y 331089
X 260453  Y 317215
X 263728  Y 323273
X 268821  Y 317315
X 298064  Y 323174
X 314645  Y 321848
X 324908  Y 320453
X 325924  Y 313936
X 330498  Y 320549
X 335764  Y 322925
X 354735  Y 323082
X 363502  Y 321571
X 371076  Y 320140
X 371928  Y 323297
X 374151  Y 320170
X 377462  Y 320111
X 400238  Y 336978
X 407974  Y 317678
X 459340  Y 336440
X 471910  Y 334053
X 488928  Y 331955
X 492681  Y 351966
X 491320  Y 338562
X 489342  Y 349153
X 464500  Y 356039
X 450913  Y 343399
X 446415  Y 343513
X 435184  Y 350289
X 426826  Y 351711
X 415144  Y 337797
X 394079  Y 348718
X 389228  Y 359649
X 385158  Y 337879
X 384771  Y 353237
X 229433  Y 351802
X 227945  Y 346368
X 222556  Y 339420
X 198317  Y 354442
X 191276  Y 337500
X 185016  Y 337594
X 181990  Y 346412
X 177799  Y 346533
X 162057  Y 348999
X 151458  Y 342052
X 150974  Y 339056
X 147137  Y 342393
X 142093  Y 349336
X 125260  Y 370467
X 182715  Y 370123
X 202318  Y 368840
X 210929  Y 369207
X 229066  Y 369573
X 384483  Y 370495
X 389228  Y 362994
X 389302  Y 366264
X 411809  Y 369632
X 442298  Y 370207
X 497523  Y 370783

Drill: .01772  Tool: 2  Feed: 95  Speed: 300
X 116266  Y 366578 X 111936  Y 366578
X 116266  Y 344333 X 111936  Y 344333

Drill: .02559  Tool: 3  Feed: 197  Speed: 550
X 258601  Y 166381
X 265601  Y 166381
X 272601  Y 166381
X 279601  Y 166381
X 286601  Y 166381
X 293601  Y 166381
X 300601  Y 166381
X 307601  Y 166381
X 314601  Y 166381
X 321601  Y 166381
X 328601  Y 166381
X 335601  Y 166381
X 342601  Y 166381
X 349601  Y 166381
X 356601  Y 166381
X 363601  Y 166381
X 370601  Y 166381
X 377601  Y 166381
X 384601  Y 166381
X 391601  Y 166381
X 391601  Y 295869
X 384601  Y 295869
X 377601  Y 295869
X 370601  Y 295869
X 363601  Y 295869
X 356601  Y 295869
X 349601  Y 295869
X 342601  Y 295869
X 335601  Y 295869
X 328601  Y 295869
X 321601  Y 295869
X 314601  Y 295869
X 307601  Y 295869
X 300601  Y 295869
X 293601  Y 295869
X 286601  Y 295869
X 279601  Y 295869
X 272601  Y 295869
X 265601  Y 295869
X 258601  Y 295869

Drill: .02559  Tool: 4  Feed: 197  Speed: 550
X 122565  Y 347581
X 122565  Y 363330

Drill: .03543  Tool: 5  Feed: 197  Speed: 550
X 115928  Y 120314
X 125928  Y 120314
X 135928  Y 120314

Drill: .037  Tool: 6  Feed: 197  Speed: 550
X 408928  Y 114455
X 408928  Y 124455
X 418928  Y 114455
X 418928  Y 124455
X 428928  Y 114455
X 428928  Y 124455
X 438928  Y 114455
X 438928  Y 124455
X 448928  Y 114455
X 448928  Y 124455
X 458928  Y 298455
X 458928  Y 308455
X 448928  Y 298455
X 448928  Y 308455
X 438928  Y 298455
X 438928  Y 308455
X 428928  Y 298455
X 428928  Y 308455
X 418928  Y 298455
X 418928  Y 308455
X 418928  Y 318455
X 418928  Y 328455
X 428928  Y 318455
X 428928  Y 328455
X 438928  Y 318455
X 438928  Y 328455
X 448928  Y 318455
X 448928  Y 328455
X 458928  Y 318455
X 458928  Y 328455

Drill: .03937  Tool: 7  Feed: 197  Speed: 550
X 209883  Y 253901
X 344928  Y 316455

Drill: .05906  Tool: 8  Feed: 107  Speed: 550
X 145928  Y 228455
X 311928  Y 194455
X 311928  Y 241455

End of Listing
